Log file open, 11/01/20 11:10:46
LogInit: Display: Running engine for game: Dinner_Dash
LogPlatformFile: Not using cached read wrapper
LogTaskGraph: Started task graph with 5 named threads and 47 total threads with 3 sets of task threads.
LogStats: Stats thread started at 0.168791
LogD3D11RHI: Loaded GFSDK_Aftermath_Lib.x64.dll
LogICUInternationalization: ICU TimeZone Detection - Raw Offset: +10:00, Platform Override: ''
LogPluginManager: Mounting plugin Paper2D
LogPluginManager: Mounting plugin AISupport
LogPluginManager: Mounting plugin LightPropagationVolume
LogPluginManager: Mounting plugin CameraShakePreviewer
LogPluginManager: Mounting plugin ActorLayerUtilities
LogPluginManager: Mounting plugin AnimationSharing
LogPluginManager: Mounting plugin CLionSourceCodeAccess
LogPluginManager: Mounting plugin CodeLiteSourceCodeAccess
LogPluginManager: Mounting plugin GitSourceControl
LogPluginManager: Mounting plugin KDevelopSourceCodeAccess
LogPluginManager: Mounting plugin NullSourceCodeAccess
LogPluginManager: Mounting plugin PerforceSourceControl
LogPluginManager: Mounting plugin PlasticSourceControl
LogPluginManager: Mounting plugin RiderSourceCodeAccess
LogPluginManager: Mounting plugin SubversionSourceControl
LogPluginManager: Mounting plugin UObjectPlugin
LogPluginManager: Mounting plugin VisualStudioCodeSourceCodeAccess
LogPluginManager: Mounting plugin VisualStudioSourceCodeAccess
LogPluginManager: Mounting plugin XCodeSourceCodeAccess
LogPluginManager: Mounting plugin AssetManagerEditor
LogPluginManager: Mounting plugin CryptoKeys
LogPluginManager: Mounting plugin CurveEditorTools
LogPluginManager: Mounting plugin DataValidation
LogPluginManager: Mounting plugin EditorScriptingUtilities
LogPluginManager: Mounting plugin FacialAnimation
LogPluginManager: Mounting plugin GameplayTagsEditor
LogPluginManager: Mounting plugin GeometryMode
LogPluginManager: Mounting plugin MacGraphicsSwitching
LogPluginManager: Mounting plugin MaterialAnalyzer
LogPluginManager: Mounting plugin MobileLauncherProfileWizard
LogPluginManager: Mounting plugin PluginBrowser
LogPluginManager: Mounting plugin SpeedTreeImporter
LogPluginManager: Mounting plugin DatasmithContent
LogPluginManager: Mounting plugin VariantManagerContent
LogPluginManager: Mounting plugin AlembicImporter
LogPluginManager: Mounting plugin AutomationUtils
LogPluginManager: Mounting plugin BackChannel
LogPluginManager: Mounting plugin ChaosCloth
LogPluginManager: Mounting plugin ChaosClothEditor
LogPluginManager: Mounting plugin ChaosEditor
LogPluginManager: Mounting plugin ChaosNiagara
LogPluginManager: Mounting plugin ChaosSolverPlugin
LogPluginManager: Mounting plugin CharacterAI
LogPluginManager: Mounting plugin GeometryCache
LogPluginManager: Mounting plugin GeometryCollectionPlugin
LogPluginManager: Mounting plugin GeometryProcessing
LogPluginManager: Mounting plugin PlanarCut
LogPluginManager: Mounting plugin PlatformCrypto
LogPluginManager: Mounting plugin ProxyLODPlugin
LogPluginManager: Mounting plugin SkeletalReduction
LogPluginManager: Mounting plugin Niagara
LogPluginManager: Mounting plugin MagicLeap
LogPluginManager: Mounting plugin MagicLeapLightEstimation
LogPluginManager: Mounting plugin MagicLeapMedia
LogPluginManager: Mounting plugin MagicLeapPassableWorld
LogPluginManager: Mounting plugin MLSDK
LogPluginManager: Mounting plugin AndroidMedia
LogPluginManager: Mounting plugin AvfMedia
LogPluginManager: Mounting plugin ImgMedia
LogPluginManager: Mounting plugin MediaCompositing
LogPluginManager: Mounting plugin MediaPlayerEditor
LogPluginManager: Mounting plugin WebMMedia
LogPluginManager: Mounting plugin WmfMedia
LogPluginManager: Mounting plugin MeshPainting
LogPluginManager: Mounting plugin TcpMessaging
LogPluginManager: Mounting plugin UdpMessaging
LogPluginManager: Mounting plugin ActorSequence
LogPluginManager: Mounting plugin LevelSequenceEditor
LogPluginManager: Mounting plugin MatineeToLevelSequence
LogPluginManager: Mounting plugin MovieRenderPipeline
LogPluginManager: Mounting plugin TemplateSequence
LogPluginManager: Mounting plugin NetcodeUnitTest
LogPluginManager: Mounting plugin NUTUnrealEngine4
LogPluginManager: Mounting plugin OnlineSubsystemGooglePlay
LogPluginManager: Mounting plugin OnlineSubsystemIOS
LogPluginManager: Mounting plugin OnlineSubsystem
LogPluginManager: Mounting plugin OnlineSubsystemNull
LogPluginManager: Mounting plugin OnlineSubsystemUtils
LogPluginManager: Mounting plugin LauncherChunkInstaller
LogPluginManager: Mounting plugin AndroidDeviceProfileSelector
LogPluginManager: Mounting plugin AndroidMoviePlayer
LogPluginManager: Mounting plugin AndroidPermission
LogPluginManager: Mounting plugin AppleImageUtils
LogPluginManager: Mounting plugin AppleMoviePlayer
LogPluginManager: Mounting plugin ArchVisCharacter
LogPluginManager: Mounting plugin AssetTags
LogPluginManager: Mounting plugin AudioCapture
LogPluginManager: Mounting plugin CableComponent
LogPluginManager: Mounting plugin CustomMeshComponent
LogPluginManager: Mounting plugin EditableMesh
LogPluginManager: Mounting plugin ExampleDeviceProfileSelector
LogPluginManager: Mounting plugin GoogleCloudMessaging
LogPluginManager: Mounting plugin GooglePAD
LogPluginManager: Mounting plugin IOSDeviceProfileSelector
LogPluginManager: Mounting plugin LinuxDeviceProfileSelector
LogPluginManager: Mounting plugin LocationServicesBPLibrary
LogPluginManager: Mounting plugin MobilePatchingUtils
LogPluginManager: Mounting plugin OculusVR
LogPluginManager: Mounting plugin PhysXVehicles
LogPluginManager: Mounting plugin PostSplashScreen
LogPluginManager: Mounting plugin ProceduralMeshComponent
LogPluginManager: Mounting plugin RuntimePhysXCooking
LogPluginManager: Mounting plugin SignificanceManager
LogPluginManager: Mounting plugin SoundFields
LogPluginManager: Mounting plugin SteamVR
LogPluginManager: Mounting plugin Synthesis
LogPluginManager: Mounting plugin WebMMoviePlayer
LogPluginManager: Mounting plugin WindowsMoviePlayer
LogPluginManager: Mounting plugin ScreenshotTools
LogInit: Using libcurl 7.55.1-DEV
LogInit:  - built for x86_64-pc-win32
LogInit:  - supports SSL with OpenSSL/1.1.1
LogInit:  - supports HTTP deflate (compression) using libz 1.2.8
LogInit:  - other features:
LogInit:      CURL_VERSION_SSL
LogInit:      CURL_VERSION_LIBZ
LogInit:      CURL_VERSION_IPV6
LogInit:      CURL_VERSION_ASYNCHDNS
LogInit:      CURL_VERSION_LARGEFILE
LogInit:      CURL_VERSION_IDN
LogInit:  CurlRequestOptions (configurable via config and command line):
LogInit:  - bVerifyPeer = true  - Libcurl will verify peer certificate
LogInit:  - bUseHttpProxy = false  - Libcurl will NOT use HTTP proxy
LogInit:  - bDontReuseConnections = false  - Libcurl will reuse connections
LogInit:  - MaxHostConnections = 16  - Libcurl will limit the number of connections to a host
LogInit:  - LocalHostAddr = Default
LogInit:  - BufferSize = 65536
LogOnline: OSS: Creating online subsystem instance for: NULL
LogInit: WinSock: version 1.1 (2.2), MaxSocks=32767, MaxUdp=65467
LogOnline: OSS: TryLoadSubsystemAndSetDefault: Loaded subsystem for module [NULL]
LogInit: Build: ++UE4+Release-4.25-CL-13942748
LogInit: Engine Version: 4.25.3-13942748+++UE4+Release-4.25
LogInit: Compatible Engine Version: 4.25.0-13144385+++UE4+Release-4.25
LogInit: Net CL: 13144385
LogInit: OS: Windows 10 (Release 1903) (), CPU: AMD Ryzen 7 3800X 8-Core Processor             , GPU: AMD Radeon RX 5600 XT
LogInit: Compiled (64-bit): Jul 25 2020 02:07:48
LogInit: Compiled with Visual C++: 19.24.28315.00
LogInit: Build Configuration: Development
LogInit: Branch Name: ++UE4+Release-4.25
LogInit: Command Line: 
LogInit: Base Directory: C:/Program Files/Epic Games/UE_4.25/Engine/Binaries/Win64/
LogInit: Allocator: TBB
LogInit: Installed Engine Build: 1
LogDevObjectVersion: Number of dev versions registered: 26
LogDevObjectVersion:   Dev-Blueprints (B0D832E4-1F89-4F0D-ACCF-7EB736FD4AA2): 10
LogDevObjectVersion:   Dev-Build (E1C64328-A22C-4D53-A36C-8E866417BD8C): 0
LogDevObjectVersion:   Dev-Core (375EC13C-06E4-48FB-B500-84F0262A717E): 4
LogDevObjectVersion:   Dev-Editor (E4B068ED-F494-42E9-A231-DA0B2E46BB41): 38
LogDevObjectVersion:   Dev-Framework (CFFC743F-43B0-4480-9391-14DF171D2073): 37
LogDevObjectVersion:   Dev-Mobile (B02B49B5-BB20-44E9-A304-32B752E40360): 2
LogDevObjectVersion:   Dev-Networking (A4E4105C-59A1-49B5-A7C5-40C4547EDFEE): 0
LogDevObjectVersion:   Dev-Online (39C831C9-5AE6-47DC-9A44-9C173E1C8E7C): 0
LogDevObjectVersion:   Dev-Physics (78F01B33-EBEA-4F98-B9B4-84EACCB95AA2): 4
LogDevObjectVersion:   Dev-Platform (6631380F-2D4D-43E0-8009-CF276956A95A): 0
LogDevObjectVersion:   Dev-Rendering (12F88B9F-8875-4AFC-A67C-D90C383ABD29): 43
LogDevObjectVersion:   Dev-Sequencer (7B5AE74C-D270-4C10-A958-57980B212A5A): 12
LogDevObjectVersion:   Dev-VR (D7296918-1DD6-4BDD-9DE2-64A83CC13884): 3
LogDevObjectVersion:   Dev-LoadTimes (C2A15278-BFE7-4AFE-6C17-90FF531DF755): 1
LogDevObjectVersion:   Private-Geometry (6EACA3D4-40EC-4CC1-B786-8BED09428FC5): 3
LogDevObjectVersion:   Dev-AnimPhys (29E575DD-E0A3-4627-9D10-D276232CDCEA): 17
LogDevObjectVersion:   Dev-Anim (AF43A65D-7FD3-4947-9873-3E8ED9C1BB05): 7
LogDevObjectVersion:   Dev-ReflectionCapture (6B266CEC-1EC7-4B8F-A30B-E4D90942FC07): 1
LogDevObjectVersion:   Dev-Automation (0DF73D61-A23F-47EA-B727-89E90C41499A): 1
LogDevObjectVersion:   FortniteMain (601D1886-AC64-4F84-AA16-D3DE0DEAC7D6): 31
LogDevObjectVersion:   Dev-Enterprise (9DFFBCD6-494F-0158-E221-12823C92A888): 10
LogDevObjectVersion:   Dev-Niagara (F2AED0AC-9AFE-416F-8664-AA7FFA26D6FC): 1
LogDevObjectVersion:   Dev-Destruction (174F1F0B-B4C6-45A5-B13F-2EE8D0FB917D): 10
LogDevObjectVersion:   Dev-Physics-Ext (35F94A83-E258-406C-A318-09F59610247C): 37
LogDevObjectVersion:   Dev-PhysicsMaterial-Chaos (B68FC16E-8B1B-42E2-B453-215C058844FE): 1
LogDevObjectVersion:   Dev-CineCamera (B2E18506-4273-CFC2-A54E-F4BB758BBA07): 1
LogInit: Presizing for max 25165824 objects, including 0 objects not considered by GC, pre-allocating 0 bytes for permanent pool.
LogConfig: Applying CVar settings from Section [/Script/Engine.StreamingSettings] File [D:/Dinner Dash/GAD180-Group4/Dinner_Dash/Saved/Config/Windows/Engine.ini]
LogConfig: Setting CVar [[s.MinBulkDataSizeForAsyncLoading:131072]]
LogConfig: Setting CVar [[s.AsyncLoadingThreadEnabled:0]]
LogConfig: Setting CVar [[s.EventDrivenLoaderEnabled:1]]
LogConfig: Setting CVar [[s.WarnIfTimeLimitExceeded:0]]
LogConfig: Setting CVar [[s.TimeLimitExceededMultiplier:1.5]]
LogConfig: Setting CVar [[s.TimeLimitExceededMinTime:0.005]]
LogConfig: Setting CVar [[s.UseBackgroundLevelStreaming:1]]
LogConfig: Setting CVar [[s.PriorityAsyncLoadingExtraTime:15.0]]
LogConfig: Setting CVar [[s.LevelStreamingActorsUpdateTimeLimit:5.0]]
LogConfig: Setting CVar [[s.PriorityLevelStreamingActorsUpdateExtraTime:5.0]]
LogConfig: Setting CVar [[s.LevelStreamingComponentsRegistrationGranularity:10]]
LogConfig: Setting CVar [[s.UnregisterComponentsTimeLimit:1.0]]
LogConfig: Setting CVar [[s.LevelStreamingComponentsUnregistrationGranularity:5]]
LogConfig: Setting CVar [[s.FlushStreamingOnExit:1]]
LogInit: Object subsystem initialized
LogConfig: Setting CVar [[con.DebugEarlyDefault:1]]
LogConfig: Setting CVar [[r.setres:1280x720]]
[2020.11.01-00.10.47:096][  0]LogConfig: Setting CVar [[r.VSync:0]]
[2020.11.01-00.10.47:096][  0]LogConfig: Setting CVar [[r.RHICmdBypass:0]]
[2020.11.01-00.10.47:096][  0]LogConfig: Applying CVar settings from Section [/Script/Engine.RendererSettings] File [D:/Dinner Dash/GAD180-Group4/Dinner_Dash/Saved/Config/Windows/Engine.ini]
[2020.11.01-00.10.47:096][  0]LogConfig: Setting CVar [[r.GPUCrashDebugging:0]]
[2020.11.01-00.10.47:096][  0]LogConfig: Applying CVar settings from Section [/Script/Engine.RendererOverrideSettings] File [D:/Dinner Dash/GAD180-Group4/Dinner_Dash/Saved/Config/Windows/Engine.ini]
[2020.11.01-00.10.47:096][  0]LogConfig: Applying CVar settings from Section [/Script/Engine.StreamingSettings] File [D:/Dinner Dash/GAD180-Group4/Dinner_Dash/Saved/Config/Windows/Engine.ini]
[2020.11.01-00.10.47:096][  0]LogConfig: Setting CVar [[s.MinBulkDataSizeForAsyncLoading:131072]]
[2020.11.01-00.10.47:096][  0]LogConfig: Setting CVar [[s.AsyncLoadingThreadEnabled:0]]
[2020.11.01-00.10.47:096][  0]LogConfig: Setting CVar [[s.EventDrivenLoaderEnabled:1]]
[2020.11.01-00.10.47:096][  0]LogConfig: Setting CVar [[s.WarnIfTimeLimitExceeded:0]]
[2020.11.01-00.10.47:096][  0]LogConfig: Setting CVar [[s.TimeLimitExceededMultiplier:1.5]]
[2020.11.01-00.10.47:096][  0]LogConfig: Setting CVar [[s.TimeLimitExceededMinTime:0.005]]
[2020.11.01-00.10.47:096][  0]LogConfig: Setting CVar [[s.UseBackgroundLevelStreaming:1]]
[2020.11.01-00.10.47:096][  0]LogConfig: Setting CVar [[s.PriorityAsyncLoadingExtraTime:15.0]]
[2020.11.01-00.10.47:096][  0]LogConfig: Setting CVar [[s.LevelStreamingActorsUpdateTimeLimit:5.0]]
[2020.11.01-00.10.47:096][  0]LogConfig: Setting CVar [[s.PriorityLevelStreamingActorsUpdateExtraTime:5.0]]
[2020.11.01-00.10.47:096][  0]LogConfig: Setting CVar [[s.LevelStreamingComponentsRegistrationGranularity:10]]
[2020.11.01-00.10.47:096][  0]LogConfig: Setting CVar [[s.UnregisterComponentsTimeLimit:1.0]]
[2020.11.01-00.10.47:096][  0]LogConfig: Setting CVar [[s.LevelStreamingComponentsUnregistrationGranularity:5]]
[2020.11.01-00.10.47:096][  0]LogConfig: Setting CVar [[s.FlushStreamingOnExit:1]]
[2020.11.01-00.10.47:096][  0]LogConfig: Applying CVar settings from Section [/Script/Engine.GarbageCollectionSettings] File [D:/Dinner Dash/GAD180-Group4/Dinner_Dash/Saved/Config/Windows/Engine.ini]
[2020.11.01-00.10.47:096][  0]LogConfig: Setting CVar [[gc.MaxObjectsNotConsideredByGC:1]]
[2020.11.01-00.10.47:096][  0]LogConfig: Setting CVar [[gc.SizeOfPermanentObjectPool:0]]
[2020.11.01-00.10.47:096][  0]LogConfig: Setting CVar [[gc.FlushStreamingOnGC:0]]
[2020.11.01-00.10.47:096][  0]LogConfig: Setting CVar [[gc.NumRetriesBeforeForcingGC:10]]
[2020.11.01-00.10.47:096][  0]LogConfig: Setting CVar [[gc.AllowParallelGC:1]]
[2020.11.01-00.10.47:096][  0]LogConfig: Setting CVar [[gc.TimeBetweenPurgingPendingKillObjects:61.1]]
[2020.11.01-00.10.47:096][  0]LogConfig: Setting CVar [[gc.MaxObjectsInEditor:25165824]]
[2020.11.01-00.10.47:096][  0]LogConfig: Setting CVar [[gc.IncrementalBeginDestroyEnabled:1]]
[2020.11.01-00.10.47:096][  0]LogConfig: Setting CVar [[gc.CreateGCClusters:1]]
[2020.11.01-00.10.47:096][  0]LogConfig: Setting CVar [[gc.MinGCClusterSize:5]]
[2020.11.01-00.10.47:096][  0]LogConfig: Setting CVar [[gc.ActorClusteringEnabled:0]]
[2020.11.01-00.10.47:096][  0]LogConfig: Setting CVar [[gc.BlueprintClusteringEnabled:0]]
[2020.11.01-00.10.47:096][  0]LogConfig: Setting CVar [[gc.UseDisregardForGCOnDedicatedServers:0]]
[2020.11.01-00.10.47:096][  0]LogConfig: Applying CVar settings from Section [/Script/Engine.NetworkSettings] File [D:/Dinner Dash/GAD180-Group4/Dinner_Dash/Saved/Config/Windows/Engine.ini]
[2020.11.01-00.10.47:096][  0]LogConfig: Applying CVar settings from Section [/Script/UnrealEd.CookerSettings] File [D:/Dinner Dash/GAD180-Group4/Dinner_Dash/Saved/Config/Windows/Engine.ini]
[2020.11.01-00.10.47:099][  0]LogConfig: Applying CVar settings from Section [ViewDistanceQuality@3] File [D:/Dinner Dash/GAD180-Group4/Dinner_Dash/Saved/Config/Windows/Scalability.ini]
[2020.11.01-00.10.47:099][  0]LogConfig: Setting CVar [[r.SkeletalMeshLODBias:0]]
[2020.11.01-00.10.47:099][  0]LogConfig: Setting CVar [[r.ViewDistanceScale:1.0]]
[2020.11.01-00.10.47:099][  0]LogConfig: Applying CVar settings from Section [AntiAliasingQuality@3] File [D:/Dinner Dash/GAD180-Group4/Dinner_Dash/Saved/Config/Windows/Scalability.ini]
[2020.11.01-00.10.47:099][  0]LogConfig: Setting CVar [[r.PostProcessAAQuality:4]]
[2020.11.01-00.10.47:099][  0]LogConfig: Applying CVar settings from Section [ShadowQuality@3] File [D:/Dinner Dash/GAD180-Group4/Dinner_Dash/Saved/Config/Windows/Scalability.ini]
[2020.11.01-00.10.47:099][  0]LogConfig: Setting CVar [[r.LightFunctionQuality:1]]
[2020.11.01-00.10.47:099][  0]LogConfig: Setting CVar [[r.ShadowQuality:5]]
[2020.11.01-00.10.47:099][  0]LogConfig: Setting CVar [[r.Shadow.CSM.MaxCascades:10]]
[2020.11.01-00.10.47:099][  0]LogConfig: Setting CVar [[r.Shadow.MaxResolution:2048]]
[2020.11.01-00.10.47:099][  0]LogConfig: Setting CVar [[r.Shadow.MaxCSMResolution:2048]]
[2020.11.01-00.10.47:099][  0]LogConfig: Setting CVar [[r.Shadow.RadiusThreshold:0.01]]
[2020.11.01-00.10.47:099][  0]LogConfig: Setting CVar [[r.Shadow.DistanceScale:1.0]]
[2020.11.01-00.10.47:099][  0]LogConfig: Setting CVar [[r.Shadow.CSM.TransitionScale:1.0]]
[2020.11.01-00.10.47:099][  0]LogConfig: Setting CVar [[r.Shadow.PreShadowResolutionFactor:1.0]]
[2020.11.01-00.10.47:099][  0]LogConfig: Setting CVar [[r.DistanceFieldShadowing:1]]
[2020.11.01-00.10.47:099][  0]LogConfig: Setting CVar [[r.DistanceFieldAO:1]]
[2020.11.01-00.10.47:099][  0]LogConfig: Setting CVar [[r.AOQuality:2]]
[2020.11.01-00.10.47:099][  0]LogConfig: Setting CVar [[r.VolumetricFog:1]]
[2020.11.01-00.10.47:099][  0]LogConfig: Setting CVar [[r.VolumetricFog.GridPixelSize:8]]
[2020.11.01-00.10.47:099][  0]LogConfig: Setting CVar [[r.VolumetricFog.GridSizeZ:128]]
[2020.11.01-00.10.47:099][  0]LogConfig: Setting CVar [[r.VolumetricFog.HistoryMissSupersampleCount:4]]
[2020.11.01-00.10.47:099][  0]LogConfig: Setting CVar [[r.LightMaxDrawDistanceScale:1]]
[2020.11.01-00.10.47:099][  0]LogConfig: Setting CVar [[r.CapsuleShadows:1]]
[2020.11.01-00.10.47:099][  0]LogConfig: Applying CVar settings from Section [PostProcessQuality@3] File [D:/Dinner Dash/GAD180-Group4/Dinner_Dash/Saved/Config/Windows/Scalability.ini]
[2020.11.01-00.10.47:099][  0]LogConfig: Setting CVar [[r.MotionBlurQuality:4]]
[2020.11.01-00.10.47:099][  0]LogConfig: Setting CVar [[r.AmbientOcclusionMipLevelFactor:0.4]]
[2020.11.01-00.10.47:099][  0]LogConfig: Setting CVar [[r.AmbientOcclusionMaxQuality:100]]
[2020.11.01-00.10.47:099][  0]LogConfig: Setting CVar [[r.AmbientOcclusionLevels:-1]]
[2020.11.01-00.10.47:099][  0]LogConfig: Setting CVar [[r.AmbientOcclusionRadiusScale:1.0]]
[2020.11.01-00.10.47:100][  0]LogConfig: Setting CVar [[r.DepthOfFieldQuality:2]]
[2020.11.01-00.10.47:100][  0]LogConfig: Setting CVar [[r.RenderTargetPoolMin:400]]
[2020.11.01-00.10.47:100][  0]LogConfig: Setting CVar [[r.LensFlareQuality:2]]
[2020.11.01-00.10.47:100][  0]LogConfig: Setting CVar [[r.SceneColorFringeQuality:1]]
[2020.11.01-00.10.47:100][  0]LogConfig: Setting CVar [[r.EyeAdaptationQuality:2]]
[2020.11.01-00.10.47:100][  0]LogConfig: Setting CVar [[r.BloomQuality:5]]
[2020.11.01-00.10.47:100][  0]LogConfig: Setting CVar [[r.FastBlurThreshold:100]]
[2020.11.01-00.10.47:100][  0]LogConfig: Setting CVar [[r.Upscale.Quality:3]]
[2020.11.01-00.10.47:100][  0]LogConfig: Setting CVar [[r.Tonemapper.GrainQuantization:1]]
[2020.11.01-00.10.47:100][  0]LogConfig: Setting CVar [[r.LightShaftQuality:1]]
[2020.11.01-00.10.47:100][  0]LogConfig: Setting CVar [[r.Filter.SizeScale:1]]
[2020.11.01-00.10.47:100][  0]LogConfig: Setting CVar [[r.Tonemapper.Quality:5]]
[2020.11.01-00.10.47:100][  0]LogConfig: Setting CVar [[r.DOF.Gather.AccumulatorQuality:1        ; higher gathering accumulator quality]]
[2020.11.01-00.10.47:100][  0]LogConfig: Setting CVar [[r.DOF.Gather.PostfilterMethod:1          ; Median3x3 postfilering method]]
[2020.11.01-00.10.47:100][  0]LogConfig: Setting CVar [[r.DOF.Gather.EnableBokehSettings:0       ; no bokeh simulation when gathering]]
[2020.11.01-00.10.47:100][  0]LogConfig: Setting CVar [[r.DOF.Gather.RingCount:4                 ; medium number of samples when gathering]]
[2020.11.01-00.10.47:100][  0]LogConfig: Setting CVar [[r.DOF.Scatter.ForegroundCompositing:1    ; additive foreground scattering]]
[2020.11.01-00.10.47:100][  0]LogConfig: Setting CVar [[r.DOF.Scatter.BackgroundCompositing:2    ; additive background scattering]]
[2020.11.01-00.10.47:100][  0]LogConfig: Setting CVar [[r.DOF.Scatter.EnableBokehSettings:1      ; bokeh simulation when scattering]]
[2020.11.01-00.10.47:100][  0]LogConfig: Setting CVar [[r.DOF.Scatter.MaxSpriteRatio:0.1         ; only a maximum of 10% of scattered bokeh]]
[2020.11.01-00.10.47:100][  0]LogConfig: Setting CVar [[r.DOF.Recombine.Quality:1                ; cheap slight out of focus]]
[2020.11.01-00.10.47:100][  0]LogConfig: Setting CVar [[r.DOF.Recombine.EnableBokehSettings:0    ; no bokeh simulation on slight out of focus]]
[2020.11.01-00.10.47:100][  0]LogConfig: Setting CVar [[r.DOF.TemporalAAQuality:1                ; more stable temporal accumulation]]
[2020.11.01-00.10.47:100][  0]LogConfig: Setting CVar [[r.DOF.Kernel.MaxForegroundRadius:0.025]]
[2020.11.01-00.10.47:100][  0]LogConfig: Setting CVar [[r.DOF.Kernel.MaxBackgroundRadius:0.025]]
[2020.11.01-00.10.47:100][  0]LogConfig: Applying CVar settings from Section [TextureQuality@3] File [D:/Dinner Dash/GAD180-Group4/Dinner_Dash/Saved/Config/Windows/Scalability.ini]
[2020.11.01-00.10.47:100][  0]LogConfig: Setting CVar [[r.Streaming.MipBias:0]]
[2020.11.01-00.10.47:100][  0]LogConfig: Setting CVar [[r.Streaming.AmortizeCPUToGPUCopy:0]]
[2020.11.01-00.10.47:100][  0]LogConfig: Setting CVar [[r.Streaming.MaxNumTexturesToStreamPerFrame:0]]
[2020.11.01-00.10.47:100][  0]LogConfig: Setting CVar [[r.Streaming.Boost:1]]
[2020.11.01-00.10.47:100][  0]LogConfig: Setting CVar [[r.MaxAnisotropy:8]]
[2020.11.01-00.10.47:100][  0]LogConfig: Setting CVar [[r.VT.MaxAnisotropy:8]]
[2020.11.01-00.10.47:100][  0]LogConfig: Setting CVar [[r.Streaming.LimitPoolSizeToVRAM:0]]
[2020.11.01-00.10.47:100][  0]LogConfig: Setting CVar [[r.Streaming.PoolSize:1000]]
[2020.11.01-00.10.47:100][  0]LogConfig: Setting CVar [[r.Streaming.MaxEffectiveScreenSize:0]]
[2020.11.01-00.10.47:100][  0]LogConfig: Applying CVar settings from Section [EffectsQuality@3] File [D:/Dinner Dash/GAD180-Group4/Dinner_Dash/Saved/Config/Windows/Scalability.ini]
[2020.11.01-00.10.47:100][  0]LogConfig: Setting CVar [[r.TranslucencyLightingVolumeDim:64]]
[2020.11.01-00.10.47:100][  0]LogConfig: Setting CVar [[r.RefractionQuality:2]]
[2020.11.01-00.10.47:100][  0]LogConfig: Setting CVar [[r.SSR.Quality:3]]
[2020.11.01-00.10.47:100][  0]LogConfig: Setting CVar [[r.SSR.HalfResSceneColor:0]]
[2020.11.01-00.10.47:100][  0]LogConfig: Setting CVar [[r.SceneColorFormat:4]]
[2020.11.01-00.10.47:100][  0]LogConfig: Setting CVar [[r.DetailMode:2]]
[2020.11.01-00.10.47:100][  0]LogConfig: Setting CVar [[r.TranslucencyVolumeBlur:1]]
[2020.11.01-00.10.47:100][  0]LogConfig: Setting CVar [[r.MaterialQualityLevel:1 ; High quality]]
[2020.11.01-00.10.47:100][  0]LogConfig: Setting CVar [[r.SSS.Scale:1]]
[2020.11.01-00.10.47:100][  0]LogConfig: Setting CVar [[r.SSS.SampleSet:2]]
[2020.11.01-00.10.47:100][  0]LogConfig: Setting CVar [[r.SSS.Quality:1]]
[2020.11.01-00.10.47:100][  0]LogConfig: Setting CVar [[r.SSS.HalfRes:0]]
[2020.11.01-00.10.47:100][  0]LogConfig: Setting CVar [[r.SSGI.Quality:3]]
[2020.11.01-00.10.47:100][  0]LogConfig: Setting CVar [[r.EmitterSpawnRateScale:1.0]]
[2020.11.01-00.10.47:100][  0]LogConfig: Setting CVar [[r.ParticleLightQuality:2]]
[2020.11.01-00.10.47:100][  0]LogConfig: Setting CVar [[r.SkyAtmosphere.AerialPerspectiveLUT.FastApplyOnOpaque:1 ; Always have FastSkyLUT 1 in this case to avoid wrong sky]]
[2020.11.01-00.10.47:100][  0]LogConfig: Setting CVar [[r.SkyAtmosphere.AerialPerspectiveLUT.SampleCountPerSlice:1]]
[2020.11.01-00.10.47:100][  0]LogConfig: Setting CVar [[r.SkyAtmosphere.AerialPerspectiveLUT.DepthResolution:16.0]]
[2020.11.01-00.10.47:100][  0]LogConfig: Setting CVar [[r.SkyAtmosphere.FastSkyLUT:1]]
[2020.11.01-00.10.47:100][  0]LogConfig: Setting CVar [[r.SkyAtmosphere.FastSkyLUT.SampleCountMin:4.0]]
[2020.11.01-00.10.47:100][  0]LogConfig: Setting CVar [[r.SkyAtmosphere.FastSkyLUT.SampleCountMax:32.0]]
[2020.11.01-00.10.47:100][  0]LogConfig: Setting CVar [[r.SkyAtmosphere.SampleCountMin:4.0]]
[2020.11.01-00.10.47:100][  0]LogConfig: Setting CVar [[r.SkyAtmosphere.SampleCountMax:32.0]]
[2020.11.01-00.10.47:100][  0]LogConfig: Setting CVar [[r.SkyAtmosphere.TransmittanceLUT.UseSmallFormat:0]]
[2020.11.01-00.10.47:100][  0]LogConfig: Setting CVar [[r.SkyAtmosphere.TransmittanceLUT.SampleCount:10.0]]
[2020.11.01-00.10.47:100][  0]LogConfig: Setting CVar [[r.SkyAtmosphere.MultiScatteringLUT.SampleCount:15.0]]
[2020.11.01-00.10.47:100][  0]LogConfig: Applying CVar settings from Section [FoliageQuality@3] File [D:/Dinner Dash/GAD180-Group4/Dinner_Dash/Saved/Config/Windows/Scalability.ini]
[2020.11.01-00.10.47:100][  0]LogConfig: Setting CVar [[foliage.DensityScale:1.0]]
[2020.11.01-00.10.47:100][  0]LogConfig: Setting CVar [[grass.DensityScale:1.0]]
[2020.11.01-00.10.47:100][  0]LogConfig: Applying CVar settings from Section [ShadingQuality@3] File [D:/Dinner Dash/GAD180-Group4/Dinner_Dash/Saved/Config/Windows/Scalability.ini]
[2020.11.01-00.10.47:100][  0]LogConfig: Setting CVar [[r.HairStrands.SkyLighting.SampleCount:16]]
[2020.11.01-00.10.47:100][  0]LogConfig: Setting CVar [[r.HairStrands.SkyLighting.JitterIntegration:0]]
[2020.11.01-00.10.47:100][  0]LogConfig: Setting CVar [[r.HairStrands.SkyAO.SampleCount:16]]
[2020.11.01-00.10.47:100][  0]LogConfig: Setting CVar [[r.HairStrands.DeepShadow.SuperSampling:0]]
[2020.11.01-00.10.47:100][  0]LogConfig: Setting CVar [[r.HairStrands.VisibilityPPLL:0]]
[2020.11.01-00.10.47:100][  0]LogConfig: Setting CVar [[r.HairStrands.RasterizationScale:0.5]]
[2020.11.01-00.10.47:100][  0]LogConfig: Setting CVar [[r.HairStrands.VelocityRasterizationScale:1]]
[2020.11.01-00.10.47:100][  0]LogInit: Selected Device Profile: [Windows]
[2020.11.01-00.10.47:100][  0]LogInit: Applying CVar settings loaded from the selected device profile: [Windows]
[2020.11.01-00.10.47:100][  0]LogHAL: Display: Platform has ~ 32 GB [34308009984 / 34359738368 / 32], which maps to Largest [LargestMinGB=32, LargerMinGB=12, DefaultMinGB=8, SmallerMinGB=6, SmallestMinGB=0)
[2020.11.01-00.10.47:100][  0]LogInit: Going up to parent DeviceProfile []
[2020.11.01-00.10.47:100][  0]LogConfig: Applying CVar settings from Section [ViewDistanceQuality@3] File [D:/Dinner Dash/GAD180-Group4/Dinner_Dash/Saved/Config/Windows/Scalability.ini]
[2020.11.01-00.10.47:100][  0]LogConfig: Setting CVar [[r.SkeletalMeshLODBias:0]]
[2020.11.01-00.10.47:100][  0]LogConfig: Setting CVar [[r.ViewDistanceScale:1.0]]
[2020.11.01-00.10.47:100][  0]LogConfig: Applying CVar settings from Section [AntiAliasingQuality@3] File [D:/Dinner Dash/GAD180-Group4/Dinner_Dash/Saved/Config/Windows/Scalability.ini]
[2020.11.01-00.10.47:100][  0]LogConfig: Setting CVar [[r.PostProcessAAQuality:4]]
[2020.11.01-00.10.47:100][  0]LogConfig: Applying CVar settings from Section [ShadowQuality@3] File [D:/Dinner Dash/GAD180-Group4/Dinner_Dash/Saved/Config/Windows/Scalability.ini]
[2020.11.01-00.10.47:100][  0]LogConfig: Setting CVar [[r.LightFunctionQuality:1]]
[2020.11.01-00.10.47:100][  0]LogConfig: Setting CVar [[r.ShadowQuality:5]]
[2020.11.01-00.10.47:100][  0]LogConfig: Setting CVar [[r.Shadow.CSM.MaxCascades:10]]
[2020.11.01-00.10.47:100][  0]LogConfig: Setting CVar [[r.Shadow.MaxResolution:2048]]
[2020.11.01-00.10.47:100][  0]LogConfig: Setting CVar [[r.Shadow.MaxCSMResolution:2048]]
[2020.11.01-00.10.47:100][  0]LogConfig: Setting CVar [[r.Shadow.RadiusThreshold:0.01]]
[2020.11.01-00.10.47:100][  0]LogConfig: Setting CVar [[r.Shadow.DistanceScale:1.0]]
[2020.11.01-00.10.47:100][  0]LogConfig: Setting CVar [[r.Shadow.CSM.TransitionScale:1.0]]
[2020.11.01-00.10.47:100][  0]LogConfig: Setting CVar [[r.Shadow.PreShadowResolutionFactor:1.0]]
[2020.11.01-00.10.47:100][  0]LogConfig: Setting CVar [[r.DistanceFieldShadowing:1]]
[2020.11.01-00.10.47:100][  0]LogConfig: Setting CVar [[r.DistanceFieldAO:1]]
[2020.11.01-00.10.47:101][  0]LogConfig: Setting CVar [[r.AOQuality:2]]
[2020.11.01-00.10.47:101][  0]LogConfig: Setting CVar [[r.VolumetricFog:1]]
[2020.11.01-00.10.47:101][  0]LogConfig: Setting CVar [[r.VolumetricFog.GridPixelSize:8]]
[2020.11.01-00.10.47:101][  0]LogConfig: Setting CVar [[r.VolumetricFog.GridSizeZ:128]]
[2020.11.01-00.10.47:101][  0]LogConfig: Setting CVar [[r.VolumetricFog.HistoryMissSupersampleCount:4]]
[2020.11.01-00.10.47:101][  0]LogConfig: Setting CVar [[r.LightMaxDrawDistanceScale:1]]
[2020.11.01-00.10.47:101][  0]LogConfig: Setting CVar [[r.CapsuleShadows:1]]
[2020.11.01-00.10.47:101][  0]LogConfig: Applying CVar settings from Section [PostProcessQuality@3] File [D:/Dinner Dash/GAD180-Group4/Dinner_Dash/Saved/Config/Windows/Scalability.ini]
[2020.11.01-00.10.47:101][  0]LogConfig: Setting CVar [[r.MotionBlurQuality:4]]
[2020.11.01-00.10.47:101][  0]LogConfig: Setting CVar [[r.AmbientOcclusionMipLevelFactor:0.4]]
[2020.11.01-00.10.47:101][  0]LogConfig: Setting CVar [[r.AmbientOcclusionMaxQuality:100]]
[2020.11.01-00.10.47:101][  0]LogConfig: Setting CVar [[r.AmbientOcclusionLevels:-1]]
[2020.11.01-00.10.47:101][  0]LogConfig: Setting CVar [[r.AmbientOcclusionRadiusScale:1.0]]
[2020.11.01-00.10.47:101][  0]LogConfig: Setting CVar [[r.DepthOfFieldQuality:2]]
[2020.11.01-00.10.47:101][  0]LogConfig: Setting CVar [[r.RenderTargetPoolMin:400]]
[2020.11.01-00.10.47:101][  0]LogConfig: Setting CVar [[r.LensFlareQuality:2]]
[2020.11.01-00.10.47:101][  0]LogConfig: Setting CVar [[r.SceneColorFringeQuality:1]]
[2020.11.01-00.10.47:101][  0]LogConfig: Setting CVar [[r.EyeAdaptationQuality:2]]
[2020.11.01-00.10.47:101][  0]LogConfig: Setting CVar [[r.BloomQuality:5]]
[2020.11.01-00.10.47:101][  0]LogConfig: Setting CVar [[r.FastBlurThreshold:100]]
[2020.11.01-00.10.47:101][  0]LogConfig: Setting CVar [[r.Upscale.Quality:3]]
[2020.11.01-00.10.47:101][  0]LogConfig: Setting CVar [[r.Tonemapper.GrainQuantization:1]]
[2020.11.01-00.10.47:101][  0]LogConfig: Setting CVar [[r.LightShaftQuality:1]]
[2020.11.01-00.10.47:101][  0]LogConfig: Setting CVar [[r.Filter.SizeScale:1]]
[2020.11.01-00.10.47:101][  0]LogConfig: Setting CVar [[r.Tonemapper.Quality:5]]
[2020.11.01-00.10.47:101][  0]LogConfig: Setting CVar [[r.DOF.Gather.AccumulatorQuality:1        ; higher gathering accumulator quality]]
[2020.11.01-00.10.47:101][  0]LogConfig: Setting CVar [[r.DOF.Gather.PostfilterMethod:1          ; Median3x3 postfilering method]]
[2020.11.01-00.10.47:101][  0]LogConfig: Setting CVar [[r.DOF.Gather.EnableBokehSettings:0       ; no bokeh simulation when gathering]]
[2020.11.01-00.10.47:101][  0]LogConfig: Setting CVar [[r.DOF.Gather.RingCount:4                 ; medium number of samples when gathering]]
[2020.11.01-00.10.47:101][  0]LogConfig: Setting CVar [[r.DOF.Scatter.ForegroundCompositing:1    ; additive foreground scattering]]
[2020.11.01-00.10.47:101][  0]LogConfig: Setting CVar [[r.DOF.Scatter.BackgroundCompositing:2    ; additive background scattering]]
[2020.11.01-00.10.47:101][  0]LogConfig: Setting CVar [[r.DOF.Scatter.EnableBokehSettings:1      ; bokeh simulation when scattering]]
[2020.11.01-00.10.47:101][  0]LogConfig: Setting CVar [[r.DOF.Scatter.MaxSpriteRatio:0.1         ; only a maximum of 10% of scattered bokeh]]
[2020.11.01-00.10.47:101][  0]LogConfig: Setting CVar [[r.DOF.Recombine.Quality:1                ; cheap slight out of focus]]
[2020.11.01-00.10.47:101][  0]LogConfig: Setting CVar [[r.DOF.Recombine.EnableBokehSettings:0    ; no bokeh simulation on slight out of focus]]
[2020.11.01-00.10.47:101][  0]LogConfig: Setting CVar [[r.DOF.TemporalAAQuality:1                ; more stable temporal accumulation]]
[2020.11.01-00.10.47:101][  0]LogConfig: Setting CVar [[r.DOF.Kernel.MaxForegroundRadius:0.025]]
[2020.11.01-00.10.47:101][  0]LogConfig: Setting CVar [[r.DOF.Kernel.MaxBackgroundRadius:0.025]]
[2020.11.01-00.10.47:101][  0]LogConfig: Applying CVar settings from Section [TextureQuality@3] File [D:/Dinner Dash/GAD180-Group4/Dinner_Dash/Saved/Config/Windows/Scalability.ini]
[2020.11.01-00.10.47:101][  0]LogConfig: Setting CVar [[r.Streaming.MipBias:0]]
[2020.11.01-00.10.47:101][  0]LogConfig: Setting CVar [[r.Streaming.AmortizeCPUToGPUCopy:0]]
[2020.11.01-00.10.47:101][  0]LogConfig: Setting CVar [[r.Streaming.MaxNumTexturesToStreamPerFrame:0]]
[2020.11.01-00.10.47:101][  0]LogConfig: Setting CVar [[r.Streaming.Boost:1]]
[2020.11.01-00.10.47:101][  0]LogConfig: Setting CVar [[r.MaxAnisotropy:8]]
[2020.11.01-00.10.47:101][  0]LogConfig: Setting CVar [[r.VT.MaxAnisotropy:8]]
[2020.11.01-00.10.47:101][  0]LogConfig: Setting CVar [[r.Streaming.LimitPoolSizeToVRAM:0]]
[2020.11.01-00.10.47:101][  0]LogConfig: Setting CVar [[r.Streaming.PoolSize:1000]]
[2020.11.01-00.10.47:101][  0]LogConfig: Setting CVar [[r.Streaming.MaxEffectiveScreenSize:0]]
[2020.11.01-00.10.47:101][  0]LogConfig: Applying CVar settings from Section [EffectsQuality@3] File [D:/Dinner Dash/GAD180-Group4/Dinner_Dash/Saved/Config/Windows/Scalability.ini]
[2020.11.01-00.10.47:101][  0]LogConfig: Setting CVar [[r.TranslucencyLightingVolumeDim:64]]
[2020.11.01-00.10.47:101][  0]LogConfig: Setting CVar [[r.RefractionQuality:2]]
[2020.11.01-00.10.47:101][  0]LogConfig: Setting CVar [[r.SSR.Quality:3]]
[2020.11.01-00.10.47:101][  0]LogConfig: Setting CVar [[r.SSR.HalfResSceneColor:0]]
[2020.11.01-00.10.47:101][  0]LogConfig: Setting CVar [[r.SceneColorFormat:4]]
[2020.11.01-00.10.47:101][  0]LogConfig: Setting CVar [[r.DetailMode:2]]
[2020.11.01-00.10.47:101][  0]LogConfig: Setting CVar [[r.TranslucencyVolumeBlur:1]]
[2020.11.01-00.10.47:101][  0]LogConfig: Setting CVar [[r.MaterialQualityLevel:1 ; High quality]]
[2020.11.01-00.10.47:101][  0]LogConfig: Setting CVar [[r.SSS.Scale:1]]
[2020.11.01-00.10.47:101][  0]LogConfig: Setting CVar [[r.SSS.SampleSet:2]]
[2020.11.01-00.10.47:101][  0]LogConfig: Setting CVar [[r.SSS.Quality:1]]
[2020.11.01-00.10.47:101][  0]LogConfig: Setting CVar [[r.SSS.HalfRes:0]]
[2020.11.01-00.10.47:101][  0]LogConfig: Setting CVar [[r.SSGI.Quality:3]]
[2020.11.01-00.10.47:101][  0]LogConfig: Setting CVar [[r.EmitterSpawnRateScale:1.0]]
[2020.11.01-00.10.47:101][  0]LogConfig: Setting CVar [[r.ParticleLightQuality:2]]
[2020.11.01-00.10.47:101][  0]LogConfig: Setting CVar [[r.SkyAtmosphere.AerialPerspectiveLUT.FastApplyOnOpaque:1 ; Always have FastSkyLUT 1 in this case to avoid wrong sky]]
[2020.11.01-00.10.47:101][  0]LogConfig: Setting CVar [[r.SkyAtmosphere.AerialPerspectiveLUT.SampleCountPerSlice:1]]
[2020.11.01-00.10.47:101][  0]LogConfig: Setting CVar [[r.SkyAtmosphere.AerialPerspectiveLUT.DepthResolution:16.0]]
[2020.11.01-00.10.47:101][  0]LogConfig: Setting CVar [[r.SkyAtmosphere.FastSkyLUT:1]]
[2020.11.01-00.10.47:101][  0]LogConfig: Setting CVar [[r.SkyAtmosphere.FastSkyLUT.SampleCountMin:4.0]]
[2020.11.01-00.10.47:101][  0]LogConfig: Setting CVar [[r.SkyAtmosphere.FastSkyLUT.SampleCountMax:32.0]]
[2020.11.01-00.10.47:101][  0]LogConfig: Setting CVar [[r.SkyAtmosphere.SampleCountMin:4.0]]
[2020.11.01-00.10.47:101][  0]LogConfig: Setting CVar [[r.SkyAtmosphere.SampleCountMax:32.0]]
[2020.11.01-00.10.47:101][  0]LogConfig: Setting CVar [[r.SkyAtmosphere.TransmittanceLUT.UseSmallFormat:0]]
[2020.11.01-00.10.47:101][  0]LogConfig: Setting CVar [[r.SkyAtmosphere.TransmittanceLUT.SampleCount:10.0]]
[2020.11.01-00.10.47:101][  0]LogConfig: Setting CVar [[r.SkyAtmosphere.MultiScatteringLUT.SampleCount:15.0]]
[2020.11.01-00.10.47:101][  0]LogConfig: Applying CVar settings from Section [FoliageQuality@3] File [D:/Dinner Dash/GAD180-Group4/Dinner_Dash/Saved/Config/Windows/Scalability.ini]
[2020.11.01-00.10.47:101][  0]LogConfig: Setting CVar [[foliage.DensityScale:1.0]]
[2020.11.01-00.10.47:101][  0]LogConfig: Setting CVar [[grass.DensityScale:1.0]]
[2020.11.01-00.10.47:101][  0]LogConfig: Applying CVar settings from Section [ShadingQuality@3] File [D:/Dinner Dash/GAD180-Group4/Dinner_Dash/Saved/Config/Windows/Scalability.ini]
[2020.11.01-00.10.47:101][  0]LogConfig: Setting CVar [[r.HairStrands.SkyLighting.SampleCount:16]]
[2020.11.01-00.10.47:101][  0]LogConfig: Setting CVar [[r.HairStrands.SkyLighting.JitterIntegration:0]]
[2020.11.01-00.10.47:101][  0]LogConfig: Setting CVar [[r.HairStrands.SkyAO.SampleCount:16]]
[2020.11.01-00.10.47:101][  0]LogConfig: Setting CVar [[r.HairStrands.DeepShadow.SuperSampling:0]]
[2020.11.01-00.10.47:101][  0]LogConfig: Setting CVar [[r.HairStrands.VisibilityPPLL:0]]
[2020.11.01-00.10.47:101][  0]LogConfig: Setting CVar [[r.HairStrands.RasterizationScale:0.5]]
[2020.11.01-00.10.47:101][  0]LogConfig: Setting CVar [[r.HairStrands.VelocityRasterizationScale:1]]
[2020.11.01-00.10.47:101][  0]LogConfig: Applying CVar settings from Section [Startup] File [../../../Engine/Config/ConsoleVariables.ini]
[2020.11.01-00.10.47:102][  0]LogConfig: Setting CVar [[net.UseAdaptiveNetUpdateFrequency:0]]
[2020.11.01-00.10.47:102][  0]LogConfig: Setting CVar [[p.chaos.AllowCreatePhysxBodies:1]]
[2020.11.01-00.10.47:102][  0]LogConfig: Setting CVar [[fx.SkipVectorVMBackendOptimizations:1]]
[2020.11.01-00.10.47:102][  0]LogConfig: Applying CVar settings from Section [ConsoleVariables] File [D:/Dinner Dash/GAD180-Group4/Dinner_Dash/Saved/Config/Windows/Engine.ini]
[2020.11.01-00.10.47:102][  0]LogInit: Computer: DESKTOP-KL50EEF
[2020.11.01-00.10.47:102][  0]LogInit: User: matthew
[2020.11.01-00.10.47:102][  0]LogInit: CPU Page size=4096, Cores=8
[2020.11.01-00.10.47:102][  0]LogInit: High frequency timer resolution =10.000000 MHz
[2020.11.01-00.10.47:102][  0]LogMemory: Memory total: Physical=32.0GB (32GB approx)
[2020.11.01-00.10.47:102][  0]LogMemory: Platform Memory Stats for Windows
[2020.11.01-00.10.47:102][  0]LogMemory: Process Physical Memory: 115.42 MB used, 115.42 MB peak
[2020.11.01-00.10.47:102][  0]LogMemory: Process Virtual Memory: 98.01 MB used, 98.01 MB peak
[2020.11.01-00.10.47:102][  0]LogMemory: Physical Memory: 14233.65 MB used,  18485.02 MB free, 32718.67 MB total
[2020.11.01-00.10.47:102][  0]LogMemory: Virtual Memory: 5184.88 MB used,  134212544.00 MB free, 134217728.00 MB total
[2020.11.01-00.10.47:107][  0]LogWindows: WindowsPlatformFeatures enabled
[2020.11.01-00.10.47:144][  0]LogInit: Physics initialised using underlying interface: PhysX
[2020.11.01-00.10.47:145][  0]LogInit: Using OS detected language (en-GB).
[2020.11.01-00.10.47:145][  0]LogInit: Using OS detected locale (en-GB).
[2020.11.01-00.10.47:148][  0]LogTextLocalizationManager: No specific localization for 'en-GB' exists, so the 'en' localization will be used.
[2020.11.01-00.10.47:289][  0]LogInit: Setting process to per monitor DPI aware
[2020.11.01-00.10.47:320][  0]LogSlate: New Slate User Created.  User Index 0, Is Virtual User: 0
[2020.11.01-00.10.47:321][  0]LogSlate: Slate User Registered.  User Index 0, Is Virtual User: 0
[2020.11.01-00.10.47:429][  0]LogHMD: Failed to initialize OpenVR with code 110
[2020.11.01-00.10.47:429][  0]LogD3D11RHI: D3D11 min allowed feature level: 11_0
[2020.11.01-00.10.47:429][  0]LogD3D11RHI: D3D11 max allowed feature level: 11_0
[2020.11.01-00.10.47:429][  0]LogD3D11RHI: D3D11 adapters:
[2020.11.01-00.10.47:462][  0]LogD3D11RHI:    0. 'AMD Radeon RX 5600 XT' (Feature Level 11_0)
[2020.11.01-00.10.47:463][  0]LogD3D11RHI:       6103/0/16359 MB DedicatedVideo/DedicatedSystem/SharedSystem, Outputs:1, VendorId:0x1002
[2020.11.01-00.10.47:464][  0]LogD3D11RHI:    1. 'Microsoft Basic Render Driver' (Feature Level 11_0)
[2020.11.01-00.10.47:465][  0]LogD3D11RHI:       0/0/16359 MB DedicatedVideo/DedicatedSystem/SharedSystem, Outputs:0, VendorId:0x1414
[2020.11.01-00.10.47:465][  0]LogD3D11RHI: Chosen D3D11 Adapter: 0
[2020.11.01-00.10.47:473][  0]LogD3D11RHI: Creating new Direct3DDevice
[2020.11.01-00.10.47:473][  0]LogD3D11RHI:     GPU DeviceId: 0x731f (for the marketing name, search the web for "GPU Device Id")
[2020.11.01-00.10.47:473][  0]LogWindows: EnumDisplayDevices:
[2020.11.01-00.10.47:473][  0]LogWindows:    0. 'AMD Radeon RX 5600 XT' (P:1 D:1)
[2020.11.01-00.10.47:473][  0]LogWindows:    1. 'AMD Radeon RX 5600 XT' (P:0 D:0)
[2020.11.01-00.10.47:473][  0]LogWindows:    2. 'AMD Radeon RX 5600 XT' (P:0 D:0)
[2020.11.01-00.10.47:473][  0]LogWindows:    3. 'AMD Radeon RX 5600 XT' (P:0 D:0)
[2020.11.01-00.10.47:474][  0]LogWindows:    4. 'AMD Radeon RX 5600 XT' (P:0 D:0)
[2020.11.01-00.10.47:474][  0]LogWindows:    5. 'AMD Radeon RX 5600 XT' (P:0 D:0)
[2020.11.01-00.10.47:474][  0]LogWindows:    6. 'AMD Radeon RX 5600 XT' (P:0 D:0)
[2020.11.01-00.10.47:474][  0]LogWindows:    7. 'AMD Radeon RX 5600 XT' (P:0 D:0)
[2020.11.01-00.10.47:475][  0]LogWindows: DebugString: FoundDriverCount:8 
[2020.11.01-00.10.47:475][  0]LogD3D11RHI:     Adapter Name: AMD Radeon RX 5600 XT
[2020.11.01-00.10.47:475][  0]LogD3D11RHI:   Driver Version: Adrenalin 2020 20.2.2 (internal:26.20.15019.15019, unified:26.20.15019.15019)
[2020.11.01-00.10.47:475][  0]LogD3D11RHI:      Driver Date: 2-26-2020
[2020.11.01-00.10.47:475][  0]LogRHI: Texture pool is 3631 MB (70% of 5187 MB)
[2020.11.01-00.10.47:515][  0]LogD3D11RHI: RHI has support for 64 bit atomics
[2020.11.01-00.10.47:515][  0]LogD3D11RHI: Async texture creation enabled
[2020.11.01-00.10.47:515][  0]LogD3D11RHI: Array index from any shader is supported
[2020.11.01-00.10.47:515][  0]LogD3D11RHI: HDR output is supported on display 0 (AMD Device: 0x0, Display: 0x0).
[2020.11.01-00.10.47:529][  0]LogD3D11RHI: GPU Timing Frequency: 100.000000 (Debug: 2 1)
[2020.11.01-00.10.47:752][  0]LogTargetPlatformManager: Display: Loaded TargetPlatform 'AllDesktop'
[2020.11.01-00.10.47:771][  0]LogTargetPlatformManager: Display: Loaded TargetPlatform 'Android'
[2020.11.01-00.10.47:771][  0]LogTargetPlatformManager: Display: Loaded TargetPlatform 'Android_ASTC'
[2020.11.01-00.10.47:771][  0]LogTargetPlatformManager: Display: Loaded TargetPlatform 'Android_DXT'
[2020.11.01-00.10.47:771][  0]LogTargetPlatformManager: Display: Loaded TargetPlatform 'Android_ETC2'
[2020.11.01-00.10.47:771][  0]LogTargetPlatformManager: Display: Loaded TargetPlatform 'AndroidClient'
[2020.11.01-00.10.47:771][  0]LogTargetPlatformManager: Display: Loaded TargetPlatform 'Android_ASTCClient'
[2020.11.01-00.10.47:771][  0]LogTargetPlatformManager: Display: Loaded TargetPlatform 'Android_DXTClient'
[2020.11.01-00.10.47:771][  0]LogTargetPlatformManager: Display: Loaded TargetPlatform 'Android_ETC2Client'
[2020.11.01-00.10.47:771][  0]LogTargetPlatformManager: Display: Loaded TargetPlatform 'Android_Multi'
[2020.11.01-00.10.47:771][  0]LogTargetPlatformManager: Display: Loaded TargetPlatform 'Android_MultiClient'
[2020.11.01-00.10.47:792][  0]LogTargetPlatformManager: Display: Loaded TargetPlatform 'IOSClient'
[2020.11.01-00.10.47:792][  0]LogTargetPlatformManager: Display: Loaded TargetPlatform 'IOS'
[2020.11.01-00.10.47:801][  0]LogTargetPlatformManager: Display: Loaded TargetPlatform 'Linux'
[2020.11.01-00.10.47:809][  0]LogTargetPlatformManager: Display: Loaded TargetPlatform 'LinuxNoEditor'
[2020.11.01-00.10.47:816][  0]LogTargetPlatformManager: Display: Loaded TargetPlatform 'LinuxClient'
[2020.11.01-00.10.47:825][  0]LogTargetPlatformManager: Display: Loaded TargetPlatform 'LinuxServer'
[2020.11.01-00.10.47:833][  0]LogTargetPlatformManager: Display: Loaded TargetPlatform 'LinuxAArch64NoEditor'
[2020.11.01-00.10.47:842][  0]LogTargetPlatformManager: Display: Loaded TargetPlatform 'LinuxAArch64Client'
[2020.11.01-00.10.47:850][  0]LogTargetPlatformManager: Display: Loaded TargetPlatform 'LinuxAArch64Server'
[2020.11.01-00.10.47:873][  0]LogTargetPlatformManager: Display: Loaded TargetPlatform 'Lumin'
[2020.11.01-00.10.47:873][  0]LogTargetPlatformManager: Display: Loaded TargetPlatform 'LuminClient'
[2020.11.01-00.10.47:888][  0]LogTargetPlatformManager: Display: Loaded TargetPlatform 'TVOSClient'
[2020.11.01-00.10.47:888][  0]LogTargetPlatformManager: Display: Loaded TargetPlatform 'TVOS'
[2020.11.01-00.10.47:896][  0]LogTargetPlatformManager: Display: Loaded TargetPlatform 'WindowsNoEditor'
[2020.11.01-00.10.47:905][  0]LogTargetPlatformManager: Display: Loaded TargetPlatform 'Windows'
[2020.11.01-00.10.47:913][  0]LogTargetPlatformManager: Display: Loaded TargetPlatform 'WindowsClient'
[2020.11.01-00.10.47:920][  0]LogTargetPlatformManager: Display: Loaded TargetPlatform 'WindowsServer'
[2020.11.01-00.10.47:920][  0]LogTargetPlatformManager: Display: Building Assets For Windows
[2020.11.01-00.10.47:927][  0]LogAudioDebug: Display: Lib vorbis DLL was dynamically loaded.
[2020.11.01-00.10.47:977][  0]LogShaderCompilers: Guid format shader working directory is 7 characters bigger than the processId version (D:/Dinner Dash/GAD180-Group4/Dinner_Dash/Intermediate/Shaders/WorkingDirectory/25240/).
[2020.11.01-00.10.47:977][  0]LogShaderCompilers: Cleaned the shader compiler working directory 'C:/Users/matthew/AppData/Local/Temp/UnrealShaderWorkingDir/F8CB8DB548279F05173CD69A23878E11/'.
[2020.11.01-00.10.47:978][  0]LogXGEController: Cleaning working directory: C:/Users/matthew/AppData/Local/Temp/UnrealXGEWorkingDir/
[2020.11.01-00.10.47:978][  0]LogXGEController: Cannot use XGE Controller as Incredibuild is not installed on this machine.
[2020.11.01-00.10.47:978][  0]LogShaderCompilers: Cannot use XGE Shader Compiler as Incredibuild is not installed on this machine.
[2020.11.01-00.10.47:978][  0]LogShaderCompilers: Display: Using Local Shader Compiler.
[2020.11.01-00.10.48:590][  0]LogDerivedDataCache: Display: Max Cache Size: 512 MB
[2020.11.01-00.10.48:638][  0]LogDerivedDataCache: Loaded boot cache 0.05s 75MB C:/Users/matthew/AppData/Local/UnrealEngine/4.25/DerivedDataCache/Boot.ddc.
[2020.11.01-00.10.48:638][  0]LogDerivedDataCache: Display: Loaded Boot cache: C:/Users/matthew/AppData/Local/UnrealEngine/4.25/DerivedDataCache/Boot.ddc
[2020.11.01-00.10.48:638][  0]LogDerivedDataCache: FDerivedDataBackendGraph:  Pak pak cache file D:/Dinner Dash/GAD180-Group4/Dinner_Dash/DerivedDataCache/DDC.ddp not found, will not use a pak cache.
[2020.11.01-00.10.48:638][  0]LogDerivedDataCache: Unable to find inner node Pak for hierarchical cache Hierarchy.
[2020.11.01-00.10.48:638][  0]LogDerivedDataCache: FDerivedDataBackendGraph:  CompressedPak pak cache file D:/Dinner Dash/GAD180-Group4/Dinner_Dash/DerivedDataCache/Compressed.ddp not found, will not use a pak cache.
[2020.11.01-00.10.48:638][  0]LogDerivedDataCache: Unable to find inner node CompressedPak for hierarchical cache Hierarchy.
[2020.11.01-00.10.48:647][  0]LogDerivedDataCache: Display: Pak cache opened for reading ../../../Engine/DerivedDataCache/Compressed.ddp.
[2020.11.01-00.10.48:647][  0]LogDerivedDataCache: FDerivedDataBackendGraph:  EnterprisePak pak cache file ../../../Enterprise/DerivedDataCache/Compressed.ddp not found, will not use a pak cache.
[2020.11.01-00.10.48:647][  0]LogDerivedDataCache: Unable to find inner node EnterprisePak for hierarchical cache Hierarchy.
[2020.11.01-00.10.48:655][  0]LogDerivedDataCache: Using Local data cache path C:/Users/matthew/AppData/Local/UnrealEngine/Common/DerivedDataCache: Writable
[2020.11.01-00.10.48:655][  0]LogDerivedDataCache: Shared data cache path not found in *engine.ini, will not use an Shared cache.
[2020.11.01-00.10.48:655][  0]LogDerivedDataCache: Unable to find inner node Shared for hierarchical cache Hierarchy.
[2020.11.01-00.10.48:695][  0]LogSlate: Using FreeType 2.10.0
[2020.11.01-00.10.48:696][  0]LogSlate: SlateFontServices - WITH_FREETYPE: 1, WITH_HARFBUZZ: 1
[2020.11.01-00.10.48:715][  0]LogAssetRegistry: FAssetRegistry took 0.0026 seconds to start up
[2020.11.01-00.10.48:934][  0]LogInit: Selected Device Profile: [Windows]
[2020.11.01-00.10.49:033][  0]LogMeshReduction: Using QuadricMeshReduction for automatic static mesh reduction
[2020.11.01-00.10.49:033][  0]LogMeshReduction: Using SimplygonMeshReduction for automatic skeletal mesh reduction
[2020.11.01-00.10.49:033][  0]LogMeshReduction: Using ProxyLODMeshReduction for automatic mesh merging
[2020.11.01-00.10.49:033][  0]LogMeshReduction: No distributed automatic mesh merging module available
[2020.11.01-00.10.49:033][  0]LogMeshMerging: No distributed automatic mesh merging module available
[2020.11.01-00.10.49:046][  0]LogNetVersion: Dinner_Dash 1.0.0, NetCL: 13144385, EngineNetVer: 14, GameNetVer: 0 (Checksum: 3258219443)
[2020.11.01-00.10.49:379][  0]LogAISub: UAISubsystem::UAISubsystem AISubsystem (000001DC25AA3880), frame # 0
[2020.11.01-00.10.49:379][  0]LogAISub: UAISubsystem::UAISubsystem AIPerceptionSystem (000001DC25A87740), frame # 0
[2020.11.01-00.10.49:380][  0]LogAISub: UAISubsystem::UAISubsystem EnvQueryManager (000001DC25B14A00), frame # 0
[2020.11.01-00.10.49:572][  0]LogPackageLocalizationCache: Processed 19 localized package path(s) for 1 prioritized culture(s) in 0.186069 seconds
[2020.11.01-00.10.49:577][  0]LogUObjectArray: 15917 objects as part of root set at end of initial load.
[2020.11.01-00.10.49:577][  0]LogUObjectAllocator: 3965568 out of 0 bytes used by permanent object pool.
[2020.11.01-00.10.49:577][  0]LogUObjectArray: CloseDisregardForGC: 0/0 objects in disregard for GC pool
[2020.11.01-00.10.49:858][  0]LogTcpMessaging: Initializing TcpMessaging bridge
[2020.11.01-00.10.49:862][  0]LogUdpMessaging: Initializing bridge on interface 0.0.0.0:0 to multicast group 230.0.0.1:6666.
[2020.11.01-00.10.49:929][  0]SourceControl: Source control is disabled
[2020.11.01-00.10.49:929][  0]SourceControl: Source control is disabled
[2020.11.01-00.10.49:931][  0]SourceControl: Source control is disabled
[2020.11.01-00.10.49:934][  0]SourceControl: Source control is disabled
[2020.11.01-00.10.49:940][  0]SourceControl: Source control is disabled
[2020.11.01-00.10.50:151][  0]LogAndroidPermission: UAndroidPermissionCallbackProxy::GetInstance
[2020.11.01-00.10.50:168][  0]LogAudioCaptureCore: Display: No Audio Capture implementations found. Audio input will be silent.
[2020.11.01-00.10.50:168][  0]LogAudioCaptureCore: Display: No Audio Capture implementations found. Audio input will be silent.
[2020.11.01-00.10.50:211][  0]LogOcInput: OculusInput pre-init called
[2020.11.01-00.10.50:220][  0]LogWindows: Failed to load 'OVRPlugin.dll' (GetLastError=126)
[2020.11.01-00.10.50:220][  0]LogWindows: File 'OVRPlugin.dll' does not exist
[2020.11.01-00.10.50:281][  0]LogEngine: Initializing Engine...
[2020.11.01-00.10.50:282][  0]LogHMD: Failed to initialize OpenVR with code 110
[2020.11.01-00.10.50:282][  0]LogMagicLeap: Warning: VR disabled because ZI is not enabled.  To enable, in the editor, Edit -> Project Settings -> Plugins -> Magic Leap Plugin -> Enable Zero Iteration
[2020.11.01-00.10.50:283][  0]LogStats: UGameplayTagsManager::InitializeManager -  0.000 s
[2020.11.01-00.10.50:390][  0]LogInit: Initializing FReadOnlyCVARCache
[2020.11.01-00.10.50:400][  0]LogAIModule: Creating AISystem for world Untitled
[2020.11.01-00.10.50:400][  0]LogAISub: UAISubsystem::UAISubsystem EnvQueryManager (000001DC4144BC00), frame # 0
[2020.11.01-00.10.50:400][  0]LogAISub: UAISubsystem::UAISubsystem AIPerceptionSystem (000001DC414B8B80), frame # 0
[2020.11.01-00.10.50:415][  0]LogAudioMixer: Display: Audio Mixer Platform Settings:
[2020.11.01-00.10.50:415][  0]LogAudioMixer: Display: 	Sample Rate:						  48000
[2020.11.01-00.10.50:415][  0]LogAudioMixer: Display: 	Callback Buffer Frame Size Requested: 1024
[2020.11.01-00.10.50:415][  0]LogAudioMixer: Display: 	Callback Buffer Frame Size To Use:	  1024
[2020.11.01-00.10.50:415][  0]LogAudioMixer: Display: 	Number of buffers to queue:			  2
[2020.11.01-00.10.50:415][  0]LogAudioMixer: Display: 	Max Channels (voices):				  32
[2020.11.01-00.10.50:415][  0]LogAudioMixer: Display: 	Number of Async Source Workers:		  0
[2020.11.01-00.10.50:415][  0]LogAudio: Display: AudioDevice MaxSources: 32
[2020.11.01-00.10.50:415][  0]LogAudio: Display: Using built-in audio occlusion.
[2020.11.01-00.10.50:415][  0]LogAudioMixer: Display: Initializing audio mixer.
[2020.11.01-00.10.50:436][  0]LogAudioMixer: Display: 0: FrontLeft
[2020.11.01-00.10.50:436][  0]LogAudioMixer: Display: 1: FrontRight
[2020.11.01-00.10.50:436][  0]LogAudioMixer: Display: 2: FrontCenter
[2020.11.01-00.10.50:436][  0]LogAudioMixer: Display: 3: LowFrequency
[2020.11.01-00.10.50:436][  0]LogAudioMixer: Display: 4: BackLeft
[2020.11.01-00.10.50:436][  0]LogAudioMixer: Display: 5: BackRight
[2020.11.01-00.10.50:436][  0]LogAudioMixer: Display: 6: SideLeft
[2020.11.01-00.10.50:436][  0]LogAudioMixer: Display: 7: SideRight
[2020.11.01-00.10.50:480][  0]LogAudioMixer: Display: Using Audio Device Speakers (THX Spatial - Synapse)
[2020.11.01-00.10.50:486][  0]LogAudioMixer: Display: Initializing Sound Submixes...
[2020.11.01-00.10.50:488][  0]LogAudioMixer: Display: Creating Master Submix 'MasterSubmixDefault'
[2020.11.01-00.10.50:488][  0]LogAudioMixer: Display: Creating Master Submix 'MasterReverbSubmixDefault'
[2020.11.01-00.10.50:488][  0]LogAudioMixer: Display: Creating Master Submix 'MasterEQSubmixDefault'
[2020.11.01-00.10.50:489][  0]LogInit: FAudioDevice initialized.
[2020.11.01-00.10.50:490][  0]LogNetVersion: Set ProjectVersion to 1.0.0.0. Version Checksum will be recalculated on next use.
[2020.11.01-00.10.50:561][  0]LogDerivedDataCache: Saved boot cache 0.07s 75MB C:/Users/matthew/AppData/Local/UnrealEngine/4.25/DerivedDataCache/Boot.ddc.
[2020.11.01-00.10.50:566][  0]LogInit: Texture streaming: Enabled
[2020.11.01-00.10.50:581][  0]LogEngineSessionManager: EngineSessionManager initialized
[2020.11.01-00.10.50:581][  0]LogEditorSessionSummary: Verbose: Initializing EditorSessionSummaryWriter for editor session tracking
[2020.11.01-00.10.50:591][  0]LogEditorSessionSummary: EditorSessionSummaryWriter initialized
[2020.11.01-00.10.50:657][  0]LogInit: Transaction tracking system initialized
[2020.11.01-00.10.50:675][  0]BlueprintLog: New page: Editor Load
[2020.11.01-00.10.50:730][  0]LocalizationService: Localization service is disabled
[2020.11.01-00.10.50:847][  0]LogCook: Display: Max memory allowance for cook 16384mb min free memory 0mb
[2020.11.01-00.10.50:847][  0]LogCook: Display: Mobile HDR setting 1
[2020.11.01-00.10.50:953][  0]LogFileCache: Scanning file cache for directory 'D:/Dinner Dash/GAD180-Group4/Dinner_Dash/Content/' took 0.02s
[2020.11.01-00.10.51:086][  0]SourceControl: Source control is disabled
[2020.11.01-00.10.51:086][  0]LogUnrealEdMisc: Loading editor; pre map load, took 5.219
[2020.11.01-00.10.51:086][  0]Cmd: MAP LOAD FILE="D:/Dinner Dash/GAD180-Group4/Dinner_Dash/Content/TopDownBP/Maps/TopDownExampleMap.umap" TEMPLATE=0 SHOWPROGRESS=1 FEATURELEVEL=3
[2020.11.01-00.10.51:086][  0]LogEditorServer: Warning: Can't find file 'D:/Dinner Dash/GAD180-Group4/Dinner_Dash/Content/TopDownBP/Maps/TopDownExampleMap.umap'
[2020.11.01-00.10.51:086][  0]Cmd: MAP CHECKDEP NOCLEARLOG
[2020.11.01-00.10.51:086][  0]MapCheck: Map check complete: 0 Error(s), 0 Warning(s), took 0.075ms to complete.
[2020.11.01-00.10.51:086][  0]LogFileHelpers: Loading map 'TopDownExampleMap' took 0.000
[2020.11.01-00.10.51:088][  0]LogUnrealEdMisc: Total Editor Startup Time, took 5.221
[2020.11.01-00.10.51:227][  0]LogSlate: Updating window title bar state: overlay mode, drag disabled, window buttons hidden, title bar hidden
[2020.11.01-00.10.51:233][  0]LogSlate: Updating window title bar state: overlay mode, drag disabled, window buttons hidden, title bar hidden
[2020.11.01-00.10.51:237][  0]LogSlate: Updating window title bar state: overlay mode, drag disabled, window buttons hidden, title bar hidden
[2020.11.01-00.10.51:242][  0]LogSlate: Updating window title bar state: overlay mode, drag disabled, window buttons hidden, title bar hidden
[2020.11.01-00.10.51:250][  0]LogCollectionManager: Loaded 0 collections in 0.001598 seconds
[2020.11.01-00.10.51:263][  0]LogFileCache: Scanning file cache for directory 'D:/Dinner Dash/GAD180-Group4/Dinner_Dash/Saved/Collections/' took 0.00s
[2020.11.01-00.10.51:263][  0]LogFileCache: Scanning file cache for directory 'D:/Dinner Dash/GAD180-Group4/Dinner_Dash/Content/Developers/matthew/Collections/' took 0.00s
[2020.11.01-00.10.51:263][  0]LogFileCache: Scanning file cache for directory 'D:/Dinner Dash/GAD180-Group4/Dinner_Dash/Content/Collections/' took 0.00s
[2020.11.01-00.10.51:263][  0]LogContentBrowser: Native class hierarchy populated in 0.0082 seconds. Added 3427 classes and 821 folders.
[2020.11.01-00.10.51:265][  0]LogContentBrowser: Native class hierarchy updated for 'WidgetCarousel' in 0.0003 seconds. Added 0 classes and 0 folders.
[2020.11.01-00.10.51:308][  0]LogContentBrowser: Native class hierarchy updated for 'AddContentDialog' in 0.0003 seconds. Added 0 classes and 0 folders.
[2020.11.01-00.10.51:309][  0]LogContentBrowser: Native class hierarchy updated for 'SceneOutliner' in 0.0002 seconds. Added 2 classes and 0 folders.
[2020.11.01-00.10.51:357][  0]LogSlate: Took 0.000168 seconds to synchronously load lazily loaded font '../../../Engine/Content/Slate/Fonts/Roboto-Regular.ttf' (155K)
[2020.11.01-00.10.51:359][  0]LogSlate: Took 0.000092 seconds to synchronously load lazily loaded font '../../../Engine/Content/Slate/Fonts/Roboto-Bold.ttf' (160K)
[2020.11.01-00.10.51:362][  0]LogSlate: Took 0.000089 seconds to synchronously load lazily loaded font '../../../Engine/Content/Editor/Slate/Fonts/FontAwesome.ttf' (139K)
[2020.11.01-00.10.51:405][  0]LogRenderer: Reallocating scene render targets to support 872x268 Format 10 NumSamples 1 (Frame:1).
[2020.11.01-00.10.51:577][  0]LogContentBrowser: Native class hierarchy updated for 'HierarchicalLODOutliner' in 0.0003 seconds. Added 0 classes and 0 folders.
[2020.11.01-00.10.51:577][  0]LogLoad: (Engine Initialization) Total time: 5.71 seconds
[2020.11.01-00.10.51:577][  0]LogLoad: (Engine Initialization) Total Blueprint compile time: 0.00 seconds
[2020.11.01-00.10.51:633][  0]LogContentStreaming: Texture pool size now 1000 MB
[2020.11.01-00.10.51:672][  1]LogAssetRegistry: Asset discovery search completed in 2.9586 seconds
[2020.11.01-00.10.51:675][  1]LogCollectionManager: Fixed up redirectors for 0 collections in 0.000002 seconds (updated 0 objects)
[2020.11.01-00.10.56:260][505]LogSlate: Took 0.000162 seconds to synchronously load lazily loaded font '../../../Engine/Content/Slate/Fonts/Roboto-Light.ttf' (167K)
[2020.11.01-00.10.56:354][505]LogAssetEditorSubsystem: Opening Asset editor for World /Game/Levels/TitleScreen.TitleScreen
[2020.11.01-00.10.56:368][505]LogUObjectHash: Compacting FUObjectHashTables data took   0.69ms
[2020.11.01-00.10.56:371][505]Cmd: MAP LOAD FILE="D:/Dinner Dash/GAD180-Group4/Dinner_Dash/Content/Levels/TitleScreen.umap" TEMPLATE=0 SHOWPROGRESS=1 FEATURELEVEL=3
[2020.11.01-00.10.56:371][505]LightingResults: New page: Lighting Build
[2020.11.01-00.10.56:372][505]LogContentBrowser: Native class hierarchy updated for 'StatsViewer' in 0.0003 seconds. Added 6 classes and 0 folders.
[2020.11.01-00.10.56:372][505]LoadErrors: New page: Loading map: TitleScreen.umap
[2020.11.01-00.10.56:416][505]LogWorld: UWorld::CleanupWorld for Untitled, bSessionEnded=true, bCleanupResources=true
[2020.11.01-00.10.56:416][505]LogSlate: InvalidateAllWidgets triggered.  All widgets were invalidated
[2020.11.01-00.10.56:416][505]MapCheck: New page: Map Check
[2020.11.01-00.10.56:416][505]LightingResults: New page: Lighting Build
[2020.11.01-00.10.56:425][505]LogAISub: UAISubsystem::~UAISubsystem EnvQueryManager (000001DC4144BC00), frame # 505
[2020.11.01-00.10.56:425][505]LogAISub: UAISubsystem::~UAISubsystem AIPerceptionSystem (000001DC414B8B80), frame # 505
[2020.11.01-00.10.56:425][505]LogUObjectHash: Compacting FUObjectHashTables data took   0.55ms
[2020.11.01-00.10.56:427][505]LogEditorServer: Finished looking for orphan Actors (0.000 secs)
[2020.11.01-00.10.56:427][505]LogAIModule: Creating AISystem for world TitleScreen
[2020.11.01-00.10.56:427][505]LogAISub: UAISubsystem::UAISubsystem EnvQueryManager (000001DC41509C00), frame # 505
[2020.11.01-00.10.56:427][505]LogAISub: UAISubsystem::UAISubsystem AIPerceptionSystem (000001DC4C6E6200), frame # 505
[2020.11.01-00.10.56:438][505]LogUObjectHash: Compacting FUObjectHashTables data took   0.52ms
[2020.11.01-00.10.56:464][505]Cmd: MAP CHECKDEP NOCLEARLOG
[2020.11.01-00.10.56:465][505]MapCheck: Map check complete: 0 Error(s), 0 Warning(s), took 0.075ms to complete.
[2020.11.01-00.10.56:465][505]LogFileHelpers: Loading map 'TitleScreen' took 0.095
[2020.11.01-00.10.56:665][522]LogFileCache: Retrieving MD5 hashes for directory 'D:/Dinner Dash/GAD180-Group4/Dinner_Dash/Content/' took 5.08s
[2020.11.01-00.11.22:301][448]LogPlayLevel: PlayLevel: No blueprints needed recompiling
[2020.11.01-00.11.22:301][448]PIE: New page: PIE session: TitleScreen (1 Nov 2020, 22:11:22)
[2020.11.01-00.11.22:336][448]LogOnline: OSS: Creating online subsystem instance for: NULL
[2020.11.01-00.11.22:337][448]LogOnline: OSS: TryLoadSubsystemAndSetDefault: Loaded subsystem for module [NULL]
[2020.11.01-00.11.22:337][448]LogPlayLevel: Creating play world package: /Game/Levels/UEDPIE_0_TitleScreen
[2020.11.01-00.11.22:338][448]LogPlayLevel: PIE: StaticDuplicateObject took: (0.001191s)
[2020.11.01-00.11.22:339][448]LogAIModule: Creating AISystem for world TitleScreen
[2020.11.01-00.11.22:339][448]LogAISub: UAISubsystem::UAISubsystem EnvQueryManager (000001DC4D11BE00), frame # 1448
[2020.11.01-00.11.22:339][448]LogAISub: UAISubsystem::UAISubsystem AIPerceptionSystem (000001DC32414180), frame # 1448
[2020.11.01-00.11.22:339][448]LogPlayLevel: PIE: World Init took: (0.000906s)
[2020.11.01-00.11.22:339][448]LogPlayLevel: PIE: Created PIE world by copying editor world from /Game/Levels/TitleScreen.TitleScreen to /Game/Levels/UEDPIE_0_TitleScreen.TitleScreen (0.002194s)
[2020.11.01-00.11.22:354][448]LogUObjectHash: Compacting FUObjectHashTables data took   0.63ms
[2020.11.01-00.11.22:356][448]LogAudioMixer: Display: Audio Mixer Platform Settings:
[2020.11.01-00.11.22:356][448]LogAudioMixer: Display: 	Sample Rate:						  48000
[2020.11.01-00.11.22:356][448]LogAudioMixer: Display: 	Callback Buffer Frame Size Requested: 1024
[2020.11.01-00.11.22:356][448]LogAudioMixer: Display: 	Callback Buffer Frame Size To Use:	  1024
[2020.11.01-00.11.22:356][448]LogAudioMixer: Display: 	Number of buffers to queue:			  2
[2020.11.01-00.11.22:356][448]LogAudioMixer: Display: 	Max Channels (voices):				  32
[2020.11.01-00.11.22:356][448]LogAudioMixer: Display: 	Number of Async Source Workers:		  0
[2020.11.01-00.11.22:356][448]LogAudio: Display: AudioDevice MaxSources: 32
[2020.11.01-00.11.22:356][448]LogAudio: Display: Using built-in audio occlusion.
[2020.11.01-00.11.22:356][448]LogAudioMixer: Display: Initializing audio mixer.
[2020.11.01-00.11.22:362][448]LogAudioMixer: Display: 0: FrontLeft
[2020.11.01-00.11.22:362][448]LogAudioMixer: Display: 1: FrontRight
[2020.11.01-00.11.22:362][448]LogAudioMixer: Display: 2: FrontCenter
[2020.11.01-00.11.22:362][448]LogAudioMixer: Display: 3: LowFrequency
[2020.11.01-00.11.22:362][448]LogAudioMixer: Display: 4: BackLeft
[2020.11.01-00.11.22:362][448]LogAudioMixer: Display: 5: BackRight
[2020.11.01-00.11.22:362][448]LogAudioMixer: Display: 6: SideLeft
[2020.11.01-00.11.22:362][448]LogAudioMixer: Display: 7: SideRight
[2020.11.01-00.11.22:388][448]LogAudioMixer: Display: Using Audio Device Speakers (THX Spatial - Synapse)
[2020.11.01-00.11.22:388][448]LogAudioMixer: Display: Initializing Sound Submixes...
[2020.11.01-00.11.22:388][448]LogAudioMixer: Display: Creating Master Submix 'MasterSubmixDefault'
[2020.11.01-00.11.22:388][448]LogAudioMixer: Display: Creating Master Submix 'MasterReverbSubmixDefault'
[2020.11.01-00.11.22:388][448]LogAudioMixer: Display: Creating Master Submix 'MasterEQSubmixDefault'
[2020.11.01-00.11.22:399][448]LogInit: FAudioDevice initialized.
[2020.11.01-00.11.22:443][448]LogSlate: Updating window title bar state: overlay mode, drag disabled, window buttons hidden, title bar hidden
[2020.11.01-00.11.22:500][448]LogLoad: Game class is 'TopDownGameMode_C'
[2020.11.01-00.11.22:501][448]LogWorld: Bringing World /Game/Levels/UEDPIE_0_TitleScreen.TitleScreen up for play (max tick rate 0) at 2020.11.01-11.11.22
[2020.11.01-00.11.22:501][448]LogWorld: Bringing up level for play took: 0.000300
[2020.11.01-00.11.22:501][448]LogOnline: OSS: Creating online subsystem instance for: :Context_1
[2020.11.01-00.11.22:504][448]LogContentBrowser: Native class hierarchy updated for 'MovieSceneCapture' in 0.0004 seconds. Added 20 classes and 0 folders.
[2020.11.01-00.11.22:507][448]LogPlayerController: Error: InputMode:UIOnly - Attempting to focus Non-Focusable widget SObjectWidget [Widget.cpp(799)]!
[2020.11.01-00.11.22:508][448]PIE: Server logged in
[2020.11.01-00.11.22:509][448]PIE: Play in editor total start time 0.21 seconds.
[2020.11.01-00.11.22:548][449]LogRenderer: Reallocating scene render targets to support 1272x648 Format 10 NumSamples 1 (Frame:1).
[2020.11.01-00.11.34:772][909]LogNet: Browse: /Game/Levels/DinnerDash
[2020.11.01-00.11.34:772][909]LogLoad: LoadMap: /Game/Levels/DinnerDash
[2020.11.01-00.11.34:772][909]LogWorld: BeginTearingDown for /Game/Levels/UEDPIE_0_TitleScreen
[2020.11.01-00.11.34:772][909]LogWorld: UWorld::CleanupWorld for TitleScreen, bSessionEnded=true, bCleanupResources=true
[2020.11.01-00.11.34:772][909]LogSlate: InvalidateAllWidgets triggered.  All widgets were invalidated
[2020.11.01-00.11.34:817][909]LogAISub: UAISubsystem::~UAISubsystem AIPerceptionSystem (000001DC32414180), frame # 2909
[2020.11.01-00.11.34:817][909]LogAISub: UAISubsystem::~UAISubsystem EnvQueryManager (000001DC4D11BE00), frame # 2909
[2020.11.01-00.11.34:818][909]LogUObjectHash: Compacting FUObjectHashTables data took   0.80ms
[2020.11.01-00.11.35:117][909]LogAIModule: Creating AISystem for world DinnerDash
[2020.11.01-00.11.35:117][909]LogAISub: UAISubsystem::UAISubsystem EnvQueryManager (000001DC77EABE00), frame # 2909
[2020.11.01-00.11.35:117][909]LogAISub: UAISubsystem::UAISubsystem AIPerceptionSystem (000001DC77EB3B00), frame # 2909
[2020.11.01-00.11.35:117][909]LogLoad: Game class is 'TopDownGameMode_C'
[2020.11.01-00.11.35:123][909]LogWorld: Bringing World /Game/Levels/UEDPIE_0_DinnerDash.DinnerDash up for play (max tick rate 0) at 2020.11.01-11.11.35
[2020.11.01-00.11.35:124][909]LogWorld: Bringing up level for play took: 0.006344
[2020.11.01-00.11.35:126][909]LogLoad: Took 0.354277 seconds to LoadMap(/Game/Levels/DinnerDash)
[2020.11.01-00.11.55:578][348]LogSlate: Window 'Dinner_Dash Preview [NetMode: Standalone] (64-bit/Windows) ' being destroyed
[2020.11.01-00.11.55:611][348]LogWorld: BeginTearingDown for /Game/Levels/UEDPIE_0_DinnerDash
[2020.11.01-00.11.55:645][348]LogWorld: UWorld::CleanupWorld for DinnerDash, bSessionEnded=true, bCleanupResources=true
[2020.11.01-00.11.55:646][348]LogSlate: InvalidateAllWidgets triggered.  All widgets were invalidated
[2020.11.01-00.11.55:653][348]LogPlayLevel: Display: Shutting down PIE online subsystems
[2020.11.01-00.11.55:654][348]LogSlate: InvalidateAllWidgets triggered.  All widgets were invalidated
[2020.11.01-00.11.55:680][348]LogAISub: UAISubsystem::~UAISubsystem EnvQueryManager (000001DC77EABE00), frame # 5348
[2020.11.01-00.11.55:680][348]LogAISub: UAISubsystem::~UAISubsystem AIPerceptionSystem (000001DC77EB3B00), frame # 5348
[2020.11.01-00.11.55:681][348]LogUObjectHash: Compacting FUObjectHashTables data took   0.81ms
[2020.11.01-00.11.55:703][349]LogPlayLevel: Display: Destroying online subsystem :Context_1
[2020.11.01-00.12.30:624][251]LogPlayLevel: PlayLevel: No blueprints needed recompiling
[2020.11.01-00.12.30:624][251]PIE: New page: PIE session: TitleScreen (1 Nov 2020, 22:12:30)
[2020.11.01-00.12.30:624][251]LogPlayLevel: Creating play world package: /Game/Levels/UEDPIE_0_TitleScreen
[2020.11.01-00.12.30:625][251]LogPlayLevel: PIE: StaticDuplicateObject took: (0.000963s)
[2020.11.01-00.12.30:626][251]LogAIModule: Creating AISystem for world TitleScreen
[2020.11.01-00.12.30:626][251]LogAISub: UAISubsystem::UAISubsystem EnvQueryManager (000001DC7800F400), frame # 6251
[2020.11.01-00.12.30:626][251]LogAISub: UAISubsystem::UAISubsystem AIPerceptionSystem (000001DC4CDC4CC0), frame # 6251
[2020.11.01-00.12.30:626][251]LogPlayLevel: PIE: World Init took: (0.000847s)
[2020.11.01-00.12.30:626][251]LogPlayLevel: PIE: Created PIE world by copying editor world from /Game/Levels/TitleScreen.TitleScreen to /Game/Levels/UEDPIE_0_TitleScreen.TitleScreen (0.001885s)
[2020.11.01-00.12.30:635][251]LogUObjectHash: Compacting FUObjectHashTables data took   0.57ms
[2020.11.01-00.12.30:637][251]LogAudioMixer: Display: Audio Mixer Platform Settings:
[2020.11.01-00.12.30:637][251]LogAudioMixer: Display: 	Sample Rate:						  48000
[2020.11.01-00.12.30:637][251]LogAudioMixer: Display: 	Callback Buffer Frame Size Requested: 1024
[2020.11.01-00.12.30:637][251]LogAudioMixer: Display: 	Callback Buffer Frame Size To Use:	  1024
[2020.11.01-00.12.30:637][251]LogAudioMixer: Display: 	Number of buffers to queue:			  2
[2020.11.01-00.12.30:637][251]LogAudioMixer: Display: 	Max Channels (voices):				  32
[2020.11.01-00.12.30:637][251]LogAudioMixer: Display: 	Number of Async Source Workers:		  0
[2020.11.01-00.12.30:637][251]LogAudio: Display: AudioDevice MaxSources: 32
[2020.11.01-00.12.30:637][251]LogAudio: Display: Using built-in audio occlusion.
[2020.11.01-00.12.30:637][251]LogAudioMixer: Display: Initializing audio mixer.
[2020.11.01-00.12.30:643][251]LogAudioMixer: Display: 0: FrontLeft
[2020.11.01-00.12.30:643][251]LogAudioMixer: Display: 1: FrontRight
[2020.11.01-00.12.30:643][251]LogAudioMixer: Display: 2: FrontCenter
[2020.11.01-00.12.30:643][251]LogAudioMixer: Display: 3: LowFrequency
[2020.11.01-00.12.30:643][251]LogAudioMixer: Display: 4: BackLeft
[2020.11.01-00.12.30:643][251]LogAudioMixer: Display: 5: BackRight
[2020.11.01-00.12.30:643][251]LogAudioMixer: Display: 6: SideLeft
[2020.11.01-00.12.30:643][251]LogAudioMixer: Display: 7: SideRight
[2020.11.01-00.12.30:668][251]LogAudioMixer: Display: Using Audio Device Speakers (THX Spatial - Synapse)
[2020.11.01-00.12.30:668][251]LogAudioMixer: Display: Initializing Sound Submixes...
[2020.11.01-00.12.30:668][251]LogAudioMixer: Display: Creating Master Submix 'MasterSubmixDefault'
[2020.11.01-00.12.30:668][251]LogAudioMixer: Display: Creating Master Submix 'MasterReverbSubmixDefault'
[2020.11.01-00.12.30:669][251]LogAudioMixer: Display: Creating Master Submix 'MasterEQSubmixDefault'
[2020.11.01-00.12.30:678][251]LogInit: FAudioDevice initialized.
[2020.11.01-00.12.30:725][251]LogSlate: Updating window title bar state: overlay mode, drag disabled, window buttons hidden, title bar hidden
[2020.11.01-00.12.30:726][251]LogLoad: Game class is 'TopDownGameMode_C'
[2020.11.01-00.12.30:727][251]LogWorld: Bringing World /Game/Levels/UEDPIE_0_TitleScreen.TitleScreen up for play (max tick rate 0) at 2020.11.01-11.12.30
[2020.11.01-00.12.30:727][251]LogWorld: Bringing up level for play took: 0.000463
[2020.11.01-00.12.30:727][251]LogOnline: OSS: Creating online subsystem instance for: :Context_2
[2020.11.01-00.12.30:730][251]LogPlayerController: Error: InputMode:UIOnly - Attempting to focus Non-Focusable widget SObjectWidget [Widget.cpp(799)]!
[2020.11.01-00.12.30:732][251]PIE: Server logged in
[2020.11.01-00.12.30:732][251]PIE: Play in editor total start time 0.111 seconds.
[2020.11.01-00.12.32:049][403]LogNet: Browse: /Game/Levels/DinnerDash
[2020.11.01-00.12.32:049][403]LogLoad: LoadMap: /Game/Levels/DinnerDash
[2020.11.01-00.12.32:049][403]LogWorld: BeginTearingDown for /Game/Levels/UEDPIE_0_TitleScreen
[2020.11.01-00.12.32:049][403]LogWorld: UWorld::CleanupWorld for TitleScreen, bSessionEnded=true, bCleanupResources=true
[2020.11.01-00.12.32:049][403]LogSlate: InvalidateAllWidgets triggered.  All widgets were invalidated
[2020.11.01-00.12.32:086][403]LogAISub: UAISubsystem::~UAISubsystem AIPerceptionSystem (000001DC4CDC4CC0), frame # 6403
[2020.11.01-00.12.32:086][403]LogAISub: UAISubsystem::~UAISubsystem EnvQueryManager (000001DC7800F400), frame # 6403
[2020.11.01-00.12.32:086][403]LogUObjectHash: Compacting FUObjectHashTables data took   0.58ms
[2020.11.01-00.12.32:113][403]LogAIModule: Creating AISystem for world DinnerDash
[2020.11.01-00.12.32:113][403]LogAISub: UAISubsystem::UAISubsystem EnvQueryManager (000001DC4C85FE00), frame # 6403
[2020.11.01-00.12.32:113][403]LogAISub: UAISubsystem::UAISubsystem AIPerceptionSystem (000001DC3F97AD40), frame # 6403
[2020.11.01-00.12.32:113][403]LogLoad: Game class is 'TopDownGameMode_C'
[2020.11.01-00.12.32:118][403]LogWorld: Bringing World /Game/Levels/UEDPIE_0_DinnerDash.DinnerDash up for play (max tick rate 0) at 2020.11.01-11.12.32
[2020.11.01-00.12.32:118][403]LogWorld: Bringing up level for play took: 0.004481
[2020.11.01-00.12.32:119][403]LogLoad: Took 0.070438 seconds to LoadMap(/Game/Levels/DinnerDash)
[2020.11.01-00.13.32:051][586]LogPlayerController: Error: InputMode:UIOnly - Attempting to focus Non-Focusable widget SObjectWidget [Widget.cpp(799)]!
[2020.11.01-00.13.54:242][249]LogSlate: Updating window title bar state: overlay mode, drag disabled, window buttons hidden, title bar hidden
[2020.11.01-00.13.54:245][249]LogWorld: BeginTearingDown for /Game/Levels/UEDPIE_0_DinnerDash
[2020.11.01-00.13.54:245][249]LogSlate: Window 'Dinner_Dash Preview [NetMode: Standalone] (64-bit/Windows) ' being destroyed
[2020.11.01-00.13.54:296][249]LogWorld: UWorld::CleanupWorld for DinnerDash, bSessionEnded=true, bCleanupResources=true
[2020.11.01-00.13.54:297][249]LogSlate: InvalidateAllWidgets triggered.  All widgets were invalidated
[2020.11.01-00.13.54:305][249]LogPlayLevel: Display: Shutting down PIE online subsystems
[2020.11.01-00.13.54:306][249]LogSlate: InvalidateAllWidgets triggered.  All widgets were invalidated
[2020.11.01-00.13.54:331][249]LogAISub: UAISubsystem::~UAISubsystem AIPerceptionSystem (000001DC3F97AD40), frame # 16249
[2020.11.01-00.13.54:331][249]LogAISub: UAISubsystem::~UAISubsystem EnvQueryManager (000001DC4C85FE00), frame # 16249
[2020.11.01-00.13.54:332][249]LogUObjectHash: Compacting FUObjectHashTables data took   0.67ms
[2020.11.01-00.13.54:354][250]LogPlayLevel: Display: Destroying online subsystem :Context_2
